<?xml version="1.0" encoding="utf-8" standalone="no"?>
<test-results xmlns:xsi="http://www.w3.org/2001/XMLSchema-instance" xsi:noNamespaceSchemaLocation="nunit_schema_2.5.xsd" name="Pester" total="13" errors="0" failures="0" not-run="0" inconclusive="0" ignored="0" skipped="0" invalid="0" date="2026-02-01" time="00:17:31">
  <environment os-version="6.8.0-90-generic" user-domain="" machine-name="lt02" user="lee" clr-version="9.0.10" cwd="/home/lee/Git/KowitzElectric/WebDavadoo" platform="Linux" nunit-version="2.5.8.0" />
  <culture-info current-culture="en-US" current-uiculture="en-US" />
  <test-suite type="TestFixture" name="Pester" executed="True" result="Success" success="True" time="0.9059" asserts="0" description="Pester">
    <results>
      <test-suite type="TestFixture" name="/home/lee/Git/KowitzElectric/WebDavadoo/tests/unit/copyWebDavItem.Tests.ps1" executed="True" result="Success" success="True" time="0.4751" asserts="0" description="/home/lee/Git/KowitzElectric/WebDavadoo/tests/unit/copyWebDavItem.Tests.ps1">
        <results>
          <test-suite type="TestFixture" name="Copy-WebDavItem" executed="True" result="Success" success="True" time="0.2824" asserts="0" description="Copy-WebDavItem">
            <results>
              <test-case description="Calls Invoke-WebRequest with COPY method" name="Copy-WebDavItem.Calls Invoke-WebRequest with COPY method" time="0.261" asserts="0" success="True" result="Success" executed="True" />
            </results>
          </test-suite>
        </results>
      </test-suite>
      <test-suite type="TestFixture" name="/home/lee/Git/KowitzElectric/WebDavadoo/tests/unit/getWebDavChildItem.Tests.ps1" executed="True" result="Success" success="True" time="0.1418" asserts="0" description="/home/lee/Git/KowitzElectric/WebDavadoo/tests/unit/getWebDavChildItem.Tests.ps1">
        <results>
          <test-suite type="TestFixture" name="Get-WebDavChildItem" executed="True" result="Success" success="True" time="0.1051" asserts="0" description="Get-WebDavChildItem">
            <results>
              <test-case description="calls Invoke-WebRequest with PROPFIND" name="Get-WebDavChildItem.calls Invoke-WebRequest with PROPFIND" time="0.0344" asserts="0" success="True" result="Success" executed="True" />
              <test-case description="returns nothing for empty directories" name="Get-WebDavChildItem.returns nothing for empty directories" time="0.017" asserts="0" success="True" result="Success" executed="True" />
              <test-case description="returns items for non-empty directories" name="Get-WebDavChildItem.returns items for non-empty directories" time="0.0198" asserts="0" success="True" result="Success" executed="True" />
              <test-case description="accepts WebDavUrl from pipeline" name="Get-WebDavChildItem.accepts WebDavUrl from pipeline" time="0.032" asserts="0" success="True" result="Success" executed="True" />
            </results>
          </test-suite>
        </results>
      </test-suite>
      <test-suite type="TestFixture" name="/home/lee/Git/KowitzElectric/WebDavadoo/tests/unit/getwebdavitemproperty.Tests.ps1" executed="True" result="Success" success="True" time="0.1506" asserts="0" description="/home/lee/Git/KowitzElectric/WebDavadoo/tests/unit/getwebdavitemproperty.Tests.ps1">
        <results>
          <test-suite type="TestFixture" name="Get-WebDavItemProperty" executed="True" result="Success" success="True" time="0.1365" asserts="0" description="Get-WebDavItemProperty">
            <results>
              <test-case description="calls Invoke-WebRequest with PROPFIND and Depth 0" name="Get-WebDavItemProperty.calls Invoke-WebRequest with PROPFIND and Depth 0" time="0.0492" asserts="0" success="True" result="Success" executed="True" />
              <test-case description="returns parsed metadata for a file" name="Get-WebDavItemProperty.returns parsed metadata for a file" time="0.0264" asserts="0" success="True" result="Success" executed="True" />
              <test-case description="returns ContentType directory when getcontenttype is missing" name="Get-WebDavItemProperty.returns ContentType directory when getcontenttype is missing" time="0.0121" asserts="0" success="True" result="Success" executed="True" />
              <test-case description="accepts WebDavUrl from pipeline" name="Get-WebDavItemProperty.accepts WebDavUrl from pipeline" time="0.0448" asserts="0" success="True" result="Success" executed="True" />
            </results>
          </test-suite>
        </results>
      </test-suite>
      <test-suite type="TestFixture" name="/home/lee/Git/KowitzElectric/WebDavadoo/tests/unit/getWebDavQuota.Tests.ps1" executed="True" result="Success" success="True" time="0.0387" asserts="0" description="/home/lee/Git/KowitzElectric/WebDavadoo/tests/unit/getWebDavQuota.Tests.ps1">
        <results>
          <test-suite type="TestFixture" name="Get-WebDavQuota" executed="True" result="Success" success="True" time="0.0246" asserts="0" description="Get-WebDavQuota">
            <results>
              <test-case description="returns used and available quota in MB" name="Get-WebDavQuota.returns used and available quota in MB" time="0.0231" asserts="0" success="True" result="Success" executed="True" />
            </results>
          </test-suite>
        </results>
      </test-suite>
      <test-suite type="TestFixture" name="/home/lee/Git/KowitzElectric/WebDavadoo/tests/unit/newWebDavDirectory.Tests.ps1" executed="True" result="Success" success="True" time="0.0673" asserts="0" description="/home/lee/Git/KowitzElectric/WebDavadoo/tests/unit/newWebDavDirectory.Tests.ps1">
        <results>
          <test-suite type="TestFixture" name="New-WebDavDirectory" executed="True" result="Success" success="True" time="0.0498" asserts="0" description="New-WebDavDirectory">
            <results>
              <test-suite type="TestFixture" name="New-WebDavDirectory. When creating a new WebDav directory" executed="True" result="Success" success="True" time="0.0213" asserts="0" description="New-WebDavDirectory. When creating a new WebDav directory">
                <results>
                  <test-case description="calls Invoke-WebRequest with MKCOL and the correct URI" name="New-WebDavDirectory. When creating a new WebDav directory.calls Invoke-WebRequest with MKCOL and the correct URI" time="0.0196" asserts="0" success="True" result="Success" executed="True" />
                </results>
              </test-suite>
              <test-suite type="TestFixture" name="New-WebDavDirectory.URL Handling and Sanitization" executed="True" result="Success" success="True" time="0.0457" asserts="0" description="New-WebDavDirectory.URL Handling and Sanitization">
                <results>
                  <test-suite type="ParameterizedTest" name="New-WebDavDirectory.URL Handling and Sanitization.handles slashes correctly for: &lt;URL&gt;" executed="True" result="Success" success="True" time="0.0227" asserts="0" description="handles slashes correctly for: &lt;URL&gt;">
                    <results>
                      <test-case description="handles slashes correctly for: https://example.com/dav" name="New-WebDavDirectory.URL Handling and Sanitization.handles slashes correctly for: https://example.com/dav" time="0.0142" asserts="0" success="True" result="Success" executed="True" />
                      <test-case description="handles slashes correctly for: https://example.com/dav/" name="New-WebDavDirectory.URL Handling and Sanitization.handles slashes correctly for: https://example.com/dav/" time="0.0085" asserts="0" success="True" result="Success" executed="True" />
                    </results>
                  </test-suite>
                </results>
              </test-suite>
            </results>
          </test-suite>
        </results>
      </test-suite>
    </results>
  </test-suite>
</test-results>